{"meta": {"format": 3, "version": "7.13.1", "timestamp": "2026-01-04T01:36:07.885237", "branch_coverage": false, "show_contexts": false}, "files": {"unifi_mcp/__init__.py": {"executed_lines": [3, 5, 6, 7, 8, 10], "summary": {"covered_lines": 6, "num_statements": 6, "percent_covered": 100.0, "percent_covered_display": "100", "missing_lines": 0, "excluded_lines": 0, "percent_statements_covered": 100.0, "percent_statements_covered_display": "100"}, "missing_lines": [], "excluded_lines": [], "functions": {"": {"executed_lines": [3, 5, 6, 7, 8, 10], "summary": {"covered_lines": 6, "num_statements": 6, "percent_covered": 100.0, "percent_covered_display": "100", "missing_lines": 0, "excluded_lines": 0, "percent_statements_covered": 100.0, "percent_statements_covered_display": "100"}, "missing_lines": [], "excluded_lines": [], "start_line": 1}}, "classes": {"": {"executed_lines": [3, 5, 6, 7, 8, 10], "summary": {"covered_lines": 6, "num_statements": 6, "percent_covered": 100.0, "percent_covered_display": "100", "missing_lines": 0, "excluded_lines": 0, "percent_statements_covered": 100.0, "percent_statements_covered_display": "100"}, "missing_lines": [], "excluded_lines": [], "start_line": 1}}}, "unifi_mcp/__main__.py": {"executed_lines": [4, 5, 7, 8, 9, 10, 11, 13, 16, 19, 22, 23, 24, 26, 27, 28, 31, 34, 35, 37, 38, 41, 45, 48, 51, 52, 53, 55, 57, 58, 60, 62, 63, 65, 67, 68, 70, 72, 74, 76, 78, 81, 84, 87, 99, 100, 101, 102, 103, 105, 108, 111, 113, 115, 118, 121, 128, 144, 146, 148, 151, 155, 163, 166], "summary": {"covered_lines": 64, "num_statements": 65, "percent_covered": 98.46153846153847, "percent_covered_display": "98", "missing_lines": 1, "excluded_lines": 0, "percent_statements_covered": 98.46153846153847, "percent_statements_covered_display": "98"}, "missing_lines": [167], "excluded_lines": [], "functions": {"UniFiMCPServer.__init__": {"executed_lines": [35, 37, 38, 41], "summary": {"covered_lines": 4, "num_statements": 4, "percent_covered": 100.0, "percent_covered_display": "100", "missing_lines": 0, "excluded_lines": 0, "percent_statements_covered": 100.0, "percent_statements_covered_display": "100"}, "missing_lines": [], "excluded_lines": [], "start_line": 34}, "UniFiMCPServer._convert_to_unifi_settings": {"executed_lines": [48, 51, 52, 53, 55], "summary": {"covered_lines": 5, "num_statements": 5, "percent_covered": 100.0, "percent_covered_display": "100", "missing_lines": 0, "excluded_lines": 0, "percent_statements_covered": 100.0, "percent_statements_covered_display": "100"}, "missing_lines": [], "excluded_lines": [], "start_line": 45}, "UniFiMCPServer.health_monitor": {"executed_lines": [60], "summary": {"covered_lines": 1, "num_statements": 1, "percent_covered": 100.0, "percent_covered_display": "100", "missing_lines": 0, "excluded_lines": 0, "percent_statements_covered": 100.0, "percent_statements_covered_display": "100"}, "missing_lines": [], "excluded_lines": [], "start_line": 58}, "UniFiMCPServer.cache_manager": {"executed_lines": [65], "summary": {"covered_lines": 1, "num_statements": 1, "percent_covered": 100.0, "percent_covered_display": "100", "missing_lines": 0, "excluded_lines": 0, "percent_statements_covered": 100.0, "percent_statements_covered_display": "100"}, "missing_lines": [], "excluded_lines": [], "start_line": 63}, "UniFiMCPServer.snapshot_manager": {"executed_lines": [70], "summary": {"covered_lines": 1, "num_statements": 1, "percent_covered": 100.0, "percent_covered_display": "100", "missing_lines": 0, "excluded_lines": 0, "percent_statements_covered": 100.0, "percent_statements_covered_display": "100"}, "missing_lines": [], "excluded_lines": [], "start_line": 68}, "UniFiMCPServer._get_timestamp": {"executed_lines": [74, 76], "summary": {"covered_lines": 2, "num_statements": 2, "percent_covered": 100.0, "percent_covered_display": "100", "missing_lines": 0, "excluded_lines": 0, "percent_statements_covered": 100.0, "percent_statements_covered_display": "100"}, "missing_lines": [], "excluded_lines": [], "start_line": 72}, "UniFiMCPServer.startup": {"executed_lines": [81, 84, 87, 99, 100, 101, 102, 103], "summary": {"covered_lines": 8, "num_statements": 8, "percent_covered": 100.0, "percent_covered_display": "100", "missing_lines": 0, "excluded_lines": 0, "percent_statements_covered": 100.0, "percent_statements_covered_display": "100"}, "missing_lines": [], "excluded_lines": [], "start_line": 78}, "UniFiMCPServer.shutdown": {"executed_lines": [108, 111, 113], "summary": {"covered_lines": 3, "num_statements": 3, "percent_covered": 100.0, "percent_covered_display": "100", "missing_lines": 0, "excluded_lines": 0, "percent_statements_covered": 100.0, "percent_statements_covered_display": "100"}, "missing_lines": [], "excluded_lines": [], "start_line": 105}, "UniFiMCPServer.health_check": {"executed_lines": [118, 121, 128, 144], "summary": {"covered_lines": 4, "num_statements": 4, "percent_covered": 100.0, "percent_covered_display": "100", "missing_lines": 0, "excluded_lines": 0, "percent_statements_covered": 100.0, "percent_statements_covered_display": "100"}, "missing_lines": [], "excluded_lines": [], "start_line": 115}, "UniFiMCPServer.get_app": {"executed_lines": [148], "summary": {"covered_lines": 1, "num_statements": 1, "percent_covered": 100.0, "percent_covered_display": "100", "missing_lines": 0, "excluded_lines": 0, "percent_statements_covered": 100.0, "percent_statements_covered_display": "100"}, "missing_lines": [], "excluded_lines": [], "start_line": 146}, "main": {"executed_lines": [155, 163], "summary": {"covered_lines": 2, "num_statements": 2, "percent_covered": 100.0, "percent_covered_display": "100", "missing_lines": 0, "excluded_lines": 0, "percent_statements_covered": 100.0, "percent_statements_covered_display": "100"}, "missing_lines": [], "excluded_lines": [], "start_line": 151}, "": {"executed_lines": [4, 5, 7, 8, 9, 10, 11, 13, 16, 19, 22, 23, 24, 26, 27, 28, 31, 34, 45, 57, 58, 62, 63, 67, 68, 72, 78, 105, 115, 146, 151, 166], "summary": {"covered_lines": 32, "num_statements": 33, "percent_covered": 96.96969696969697, "percent_covered_display": "97", "missing_lines": 1, "excluded_lines": 0, "percent_statements_covered": 96.96969696969697, "percent_statements_covered_display": "97"}, "missing_lines": [167], "excluded_lines": [], "start_line": 1}}, "classes": {"UniFiConfig": {"executed_lines": [], "summary": {"covered_lines": 0, "num_statements": 0, "percent_covered": 100.0, "percent_covered_display": "100", "missing_lines": 0, "excluded_lines": 0, "percent_statements_covered": 100.0, "percent_statements_covered_display": "100"}, "missing_lines": [], "excluded_lines": [], "start_line": 19}, "UniFiConfig.Config": {"executed_lines": [], "summary": {"covered_lines": 0, "num_statements": 0, "percent_covered": 100.0, "percent_covered_display": "100", "missing_lines": 0, "excluded_lines": 0, "percent_statements_covered": 100.0, "percent_statements_covered_display": "100"}, "missing_lines": [], "excluded_lines": [], "start_line": 26}, "UniFiMCPServer": {"executed_lines": [35, 37, 38, 41, 48, 51, 52, 53, 55, 60, 65, 70, 74, 76, 81, 84, 87, 99, 100, 101, 102, 103, 108, 111, 113, 118, 121, 128, 144, 148], "summary": {"covered_lines": 30, "num_statements": 30, "percent_covered": 100.0, "percent_covered_display": "100", "missing_lines": 0, "excluded_lines": 0, "percent_statements_covered": 100.0, "percent_statements_covered_display": "100"}, "missing_lines": [], "excluded_lines": [], "start_line": 31}, "": {"executed_lines": [4, 5, 7, 8, 9, 10, 11, 13, 16, 19, 22, 23, 24, 26, 27, 28, 31, 34, 45, 57, 58, 62, 63, 67, 68, 72, 78, 105, 115, 146, 151, 155, 163, 166], "summary": {"covered_lines": 34, "num_statements": 35, "percent_covered": 97.14285714285714, "percent_covered_display": "97", "missing_lines": 1, "excluded_lines": 0, "percent_statements_covered": 97.14285714285714, "percent_statements_covered_display": "97"}, "missing_lines": [167], "excluded_lines": [], "start_line": 1}}}, "unifi_mcp/cli.py": {"executed_lines": [], "summary": {"covered_lines": 0, "num_statements": 65, "percent_covered": 0.0, "percent_covered_display": "0", "missing_lines": 65, "excluded_lines": 0, "percent_statements_covered": 0.0, "percent_statements_covered_display": "0"}, "missing_lines": [3, 5, 6, 7, 9, 13, 16, 17, 41, 42, 43, 48, 51, 52, 53, 54, 55, 56, 57, 58, 59, 60, 61, 64, 65, 67, 70, 71, 73, 74, 75, 76, 77, 78, 80, 81, 82, 83, 84, 86, 88, 89, 90, 91, 92, 94, 97, 98, 104, 106, 107, 108, 109, 111, 114, 116, 117, 118, 119, 121, 124, 127, 128, 131, 132], "excluded_lines": [], "functions": {"main": {"executed_lines": [], "summary": {"covered_lines": 0, "num_statements": 18, "percent_covered": 0.0, "percent_covered_display": "0", "missing_lines": 18, "excluded_lines": 0, "percent_statements_covered": 0.0, "percent_statements_covered_display": "0"}, "missing_lines": [41, 42, 43, 48, 51, 52, 53, 54, 55, 56, 57, 58, 59, 60, 61, 64, 65, 67], "excluded_lines": [], "start_line": 17}, "config": {"executed_lines": [], "summary": {"covered_lines": 0, "num_statements": 18, "percent_covered": 0.0, "percent_covered_display": "0", "missing_lines": 18, "excluded_lines": 0, "percent_statements_covered": 0.0, "percent_statements_covered_display": "0"}, "missing_lines": [73, 74, 75, 76, 77, 78, 80, 81, 82, 83, 84, 86, 88, 89, 90, 91, 92, 94], "excluded_lines": [], "start_line": 71}, "test_connection": {"executed_lines": [], "summary": {"covered_lines": 0, "num_statements": 15, "percent_covered": 0.0, "percent_covered_display": "0", "missing_lines": 15, "excluded_lines": 0, "percent_statements_covered": 0.0, "percent_statements_covered_display": "0"}, "missing_lines": [104, 106, 107, 108, 109, 111, 114, 116, 117, 118, 119, 121, 124, 127, 128], "excluded_lines": [], "start_line": 98}, "": {"executed_lines": [], "summary": {"covered_lines": 0, "num_statements": 14, "percent_covered": 0.0, "percent_covered_display": "0", "missing_lines": 14, "excluded_lines": 0, "percent_statements_covered": 0.0, "percent_statements_covered_display": "0"}, "missing_lines": [3, 5, 6, 7, 9, 13, 16, 17, 70, 71, 97, 98, 131, 132], "excluded_lines": [], "start_line": 1}}, "classes": {"": {"executed_lines": [], "summary": {"covered_lines": 0, "num_statements": 65, "percent_covered": 0.0, "percent_covered_display": "0", "missing_lines": 65, "excluded_lines": 0, "percent_statements_covered": 0.0, "percent_statements_covered_display": "0"}, "missing_lines": [3, 5, 6, 7, 9, 13, 16, 17, 41, 42, 43, 48, 51, 52, 53, 54, 55, 56, 57, 58, 59, 60, 61, 64, 65, 67, 70, 71, 73, 74, 75, 76, 77, 78, 80, 81, 82, 83, 84, 86, 88, 89, 90, 91, 92, 94, 97, 98, 104, 106, 107, 108, 109, 111, 114, 116, 117, 118, 119, 121, 124, 127, 128, 131, 132], "excluded_lines": [], "start_line": 1}}}, "unifi_mcp/clients/access_client.py": {"executed_lines": [3, 5, 7, 10, 13, 14, 16, 17, 19, 21, 24, 26, 36, 37, 39, 40, 41, 42, 44, 48, 49, 50, 51, 53, 56, 57, 58, 59, 61, 64, 65, 66, 67, 69, 72, 73, 74, 75, 77, 80, 81, 83, 88, 89], "summary": {"covered_lines": 44, "num_statements": 44, "percent_covered": 100.0, "percent_covered_display": "100", "missing_lines": 0, "excluded_lines": 0, "percent_statements_covered": 100.0, "percent_statements_covered_display": "100"}, "missing_lines": [], "excluded_lines": [], "functions": {"AccessClient.__init__": {"executed_lines": [14, 16, 17], "summary": {"covered_lines": 3, "num_statements": 3, "percent_covered": 100.0, "percent_covered_display": "100", "missing_lines": 0, "excluded_lines": 0, "percent_statements_covered": 100.0, "percent_statements_covered_display": "100"}, "missing_lines": [], "excluded_lines": [], "start_line": 13}, "AccessClient.authenticate": {"executed_lines": [21, 24, 26, 36, 37, 39, 40, 41, 42, 44, 48, 49, 50, 51], "summary": {"covered_lines": 14, "num_statements": 14, "percent_covered": 100.0, "percent_covered_display": "100", "missing_lines": 0, "excluded_lines": 0, "percent_statements_covered": 100.0, "percent_statements_covered_display": "100"}, "missing_lines": [], "excluded_lines": [], "start_line": 19}, "AccessClient.get_access_points": {"executed_lines": [56, 57, 58, 59], "summary": {"covered_lines": 4, "num_statements": 4, "percent_covered": 100.0, "percent_covered_display": "100", "missing_lines": 0, "excluded_lines": 0, "percent_statements_covered": 100.0, "percent_statements_covered_display": "100"}, "missing_lines": [], "excluded_lines": [], "start_line": 53}, "AccessClient.get_users": {"executed_lines": [64, 65, 66, 67], "summary": {"covered_lines": 4, "num_statements": 4, "percent_covered": 100.0, "percent_covered_display": "100", "missing_lines": 0, "excluded_lines": 0, "percent_statements_covered": 100.0, "percent_statements_covered_display": "100"}, "missing_lines": [], "excluded_lines": [], "start_line": 61}, "AccessClient.get_door_access_logs": {"executed_lines": [72, 73, 74, 75], "summary": {"covered_lines": 4, "num_statements": 4, "percent_covered": 100.0, "percent_covered_display": "100", "missing_lines": 0, "excluded_lines": 0, "percent_statements_covered": 100.0, "percent_statements_covered_display": "100"}, "missing_lines": [], "excluded_lines": [], "start_line": 69}, "AccessClient.unlock_door": {"executed_lines": [80, 81], "summary": {"covered_lines": 2, "num_statements": 2, "percent_covered": 100.0, "percent_covered_display": "100", "missing_lines": 0, "excluded_lines": 0, "percent_statements_covered": 100.0, "percent_statements_covered_display": "100"}, "missing_lines": [], "excluded_lines": [], "start_line": 77}, "AccessClient.set_access_schedule": {"executed_lines": [88, 89], "summary": {"covered_lines": 2, "num_statements": 2, "percent_covered": 100.0, "percent_covered_display": "100", "missing_lines": 0, "excluded_lines": 0, "percent_statements_covered": 100.0, "percent_statements_covered_display": "100"}, "missing_lines": [], "excluded_lines": [], "start_line": 83}, "": {"executed_lines": [3, 5, 7, 10, 13, 19, 53, 61, 69, 77, 83], "summary": {"covered_lines": 11, "num_statements": 11, "percent_covered": 100.0, "percent_covered_display": "100", "missing_lines": 0, "excluded_lines": 0, "percent_statements_covered": 100.0, "percent_statements_covered_display": "100"}, "missing_lines": [], "excluded_lines": [], "start_line": 1}}, "classes": {"AccessClient": {"executed_lines": [14, 16, 17, 21, 24, 26, 36, 37, 39, 40, 41, 42, 44, 48, 49, 50, 51, 56, 57, 58, 59, 64, 65, 66, 67, 72, 73, 74, 75, 80, 81, 88, 89], "summary": {"covered_lines": 33, "num_statements": 33, "percent_covered": 100.0, "percent_covered_display": "100", "missing_lines": 0, "excluded_lines": 0, "percent_statements_covered": 100.0, "percent_statements_covered_display": "100"}, "missing_lines": [], "excluded_lines": [], "start_line": 10}, "": {"executed_lines": [3, 5, 7, 10, 13, 19, 53, 61, 69, 77, 83], "summary": {"covered_lines": 11, "num_statements": 11, "percent_covered": 100.0, "percent_covered_display": "100", "missing_lines": 0, "excluded_lines": 0, "percent_statements_covered": 100.0, "percent_statements_covered_display": "100"}, "missing_lines": [], "excluded_lines": [], "start_line": 1}}}, "unifi_mcp/clients/base_client.py": {"executed_lines": [3, 4, 6, 9, 12, 21, 22, 23, 24, 25, 26, 27, 30, 40, 41, 43, 46, 48, 56, 57, 59, 62, 63, 64, 66, 71, 72, 73, 75, 79, 80, 81, 82, 84, 86, 88, 90, 92, 94, 101], "summary": {"covered_lines": 40, "num_statements": 40, "percent_covered": 100.0, "percent_covered_display": "100", "missing_lines": 0, "excluded_lines": 0, "percent_statements_covered": 100.0, "percent_statements_covered_display": "100"}, "missing_lines": [], "excluded_lines": [], "functions": {"BaseUniFiClient.__init__": {"executed_lines": [21, 22, 23, 24, 25, 26, 27, 30, 40, 41], "summary": {"covered_lines": 10, "num_statements": 10, "percent_covered": 100.0, "percent_covered_display": "100", "missing_lines": 0, "excluded_lines": 0, "percent_statements_covered": 100.0, "percent_statements_covered_display": "100"}, "missing_lines": [], "excluded_lines": [], "start_line": 12}, "BaseUniFiClient.authenticate": {"executed_lines": [46], "summary": {"covered_lines": 1, "num_statements": 1, "percent_covered": 100.0, "percent_covered_display": "100", "missing_lines": 0, "excluded_lines": 0, "percent_statements_covered": 100.0, "percent_statements_covered_display": "100"}, "missing_lines": [], "excluded_lines": [], "start_line": 43}, "BaseUniFiClient._make_request": {"executed_lines": [56, 57, 59, 62, 63, 64, 66, 71, 72, 73, 75, 79, 80, 81, 82, 84], "summary": {"covered_lines": 16, "num_statements": 16, "percent_covered": 100.0, "percent_covered_display": "100", "missing_lines": 0, "excluded_lines": 0, "percent_statements_covered": 100.0, "percent_statements_covered_display": "100"}, "missing_lines": [], "excluded_lines": [], "start_line": 48}, "BaseUniFiClient.close": {"executed_lines": [88], "summary": {"covered_lines": 1, "num_statements": 1, "percent_covered": 100.0, "percent_covered_display": "100", "missing_lines": 0, "excluded_lines": 0, "percent_statements_covered": 100.0, "percent_statements_covered_display": "100"}, "missing_lines": [], "excluded_lines": [], "start_line": 86}, "BaseUniFiClient.__aenter__": {"executed_lines": [92], "summary": {"covered_lines": 1, "num_statements": 1, "percent_covered": 100.0, "percent_covered_display": "100", "missing_lines": 0, "excluded_lines": 0, "percent_statements_covered": 100.0, "percent_statements_covered_display": "100"}, "missing_lines": [], "excluded_lines": [], "start_line": 90}, "BaseUniFiClient.__aexit__": {"executed_lines": [101], "summary": {"covered_lines": 1, "num_statements": 1, "percent_covered": 100.0, "percent_covered_display": "100", "missing_lines": 0, "excluded_lines": 0, "percent_statements_covered": 100.0, "percent_statements_covered_display": "100"}, "missing_lines": [], "excluded_lines": [], "start_line": 94}, "": {"executed_lines": [3, 4, 6, 9, 12, 43, 48, 86, 90, 94], "summary": {"covered_lines": 10, "num_statements": 10, "percent_covered": 100.0, "percent_covered_display": "100", "missing_lines": 0, "excluded_lines": 0, "percent_statements_covered": 100.0, "percent_statements_covered_display": "100"}, "missing_lines": [], "excluded_lines": [], "start_line": 1}}, "classes": {"BaseUniFiClient": {"executed_lines": [21, 22, 23, 24, 25, 26, 27, 30, 40, 41, 46, 56, 57, 59, 62, 63, 64, 66, 71, 72, 73, 75, 79, 80, 81, 82, 84, 88, 92, 101], "summary": {"covered_lines": 30, "num_statements": 30, "percent_covered": 100.0, "percent_covered_display": "100", "missing_lines": 0, "excluded_lines": 0, "percent_statements_covered": 100.0, "percent_statements_covered_display": "100"}, "missing_lines": [], "excluded_lines": [], "start_line": 9}, "": {"executed_lines": [3, 4, 6, 9, 12, 43, 48, 86, 90, 94], "summary": {"covered_lines": 10, "num_statements": 10, "percent_covered": 100.0, "percent_covered_display": "100", "missing_lines": 0, "excluded_lines": 0, "percent_statements_covered": 100.0, "percent_statements_covered_display": "100"}, "missing_lines": [], "excluded_lines": [], "start_line": 1}}}, "unifi_mcp/clients/network_client.py": {"executed_lines": [3, 5, 7, 10, 13, 14, 16, 17, 19, 21, 23, 25, 39, 40, 42, 43, 44, 45, 47, 51, 52, 53, 54, 56, 58, 59, 60, 61, 63, 65, 66, 67, 68, 70, 72, 73, 74, 75, 77, 79, 80, 81, 82, 84, 88, 89, 90, 92, 94, 95, 96, 98, 100, 101, 102, 104, 106, 107], "summary": {"covered_lines": 58, "num_statements": 58, "percent_covered": 100.0, "percent_covered_display": "100", "missing_lines": 0, "excluded_lines": 0, "percent_statements_covered": 100.0, "percent_statements_covered_display": "100"}, "missing_lines": [], "excluded_lines": [], "functions": {"NetworkClient.__init__": {"executed_lines": [14, 16, 17], "summary": {"covered_lines": 3, "num_statements": 3, "percent_covered": 100.0, "percent_covered_display": "100", "missing_lines": 0, "excluded_lines": 0, "percent_statements_covered": 100.0, "percent_statements_covered_display": "100"}, "missing_lines": [], "excluded_lines": [], "start_line": 13}, "NetworkClient.authenticate": {"executed_lines": [21, 23, 25, 39, 40, 42, 43, 44, 45, 47, 51, 52, 53, 54], "summary": {"covered_lines": 14, "num_statements": 14, "percent_covered": 100.0, "percent_covered_display": "100", "missing_lines": 0, "excluded_lines": 0, "percent_statements_covered": 100.0, "percent_statements_covered_display": "100"}, "missing_lines": [], "excluded_lines": [], "start_line": 19}, "NetworkClient.get_sites": {"executed_lines": [58, 59, 60, 61], "summary": {"covered_lines": 4, "num_statements": 4, "percent_covered": 100.0, "percent_covered_display": "100", "missing_lines": 0, "excluded_lines": 0, "percent_statements_covered": 100.0, "percent_statements_covered_display": "100"}, "missing_lines": [], "excluded_lines": [], "start_line": 56}, "NetworkClient.get_devices": {"executed_lines": [65, 66, 67, 68], "summary": {"covered_lines": 4, "num_statements": 4, "percent_covered": 100.0, "percent_covered_display": "100", "missing_lines": 0, "excluded_lines": 0, "percent_statements_covered": 100.0, "percent_statements_covered_display": "100"}, "missing_lines": [], "excluded_lines": [], "start_line": 63}, "NetworkClient.get_clients": {"executed_lines": [72, 73, 74, 75], "summary": {"covered_lines": 4, "num_statements": 4, "percent_covered": 100.0, "percent_covered_display": "100", "missing_lines": 0, "excluded_lines": 0, "percent_statements_covered": 100.0, "percent_statements_covered_display": "100"}, "missing_lines": [], "excluded_lines": [], "start_line": 70}, "NetworkClient.get_wlans": {"executed_lines": [79, 80, 81, 82], "summary": {"covered_lines": 4, "num_statements": 4, "percent_covered": 100.0, "percent_covered_display": "100", "missing_lines": 0, "excluded_lines": 0, "percent_statements_covered": 100.0, "percent_statements_covered_display": "100"}, "missing_lines": [], "excluded_lines": [], "start_line": 77}, "NetworkClient.restart_device": {"executed_lines": [88, 89, 90], "summary": {"covered_lines": 3, "num_statements": 3, "percent_covered": 100.0, "percent_covered_display": "100", "missing_lines": 0, "excluded_lines": 0, "percent_statements_covered": 100.0, "percent_statements_covered_display": "100"}, "missing_lines": [], "excluded_lines": [], "start_line": 84}, "NetworkClient.disable_ap": {"executed_lines": [94, 95, 96], "summary": {"covered_lines": 3, "num_statements": 3, "percent_covered": 100.0, "percent_covered_display": "100", "missing_lines": 0, "excluded_lines": 0, "percent_statements_covered": 100.0, "percent_statements_covered_display": "100"}, "missing_lines": [], "excluded_lines": [], "start_line": 92}, "NetworkClient.enable_ap": {"executed_lines": [100, 101, 102], "summary": {"covered_lines": 3, "num_statements": 3, "percent_covered": 100.0, "percent_covered_display": "100", "missing_lines": 0, "excluded_lines": 0, "percent_statements_covered": 100.0, "percent_statements_covered_display": "100"}, "missing_lines": [], "excluded_lines": [], "start_line": 98}, "NetworkClient.get_statistics": {"executed_lines": [106, 107], "summary": {"covered_lines": 2, "num_statements": 2, "percent_covered": 100.0, "percent_covered_display": "100", "missing_lines": 0, "excluded_lines": 0, "percent_statements_covered": 100.0, "percent_statements_covered_display": "100"}, "missing_lines": [], "excluded_lines": [], "start_line": 104}, "": {"executed_lines": [3, 5, 7, 10, 13, 19, 56, 63, 70, 77, 84, 92, 98, 104], "summary": {"covered_lines": 14, "num_statements": 14, "percent_covered": 100.0, "percent_covered_display": "100", "missing_lines": 0, "excluded_lines": 0, "percent_statements_covered": 100.0, "percent_statements_covered_display": "100"}, "missing_lines": [], "excluded_lines": [], "start_line": 1}}, "classes": {"NetworkClient": {"executed_lines": [14, 16, 17, 21, 23, 25, 39, 40, 42, 43, 44, 45, 47, 51, 52, 53, 54, 58, 59, 60, 61, 65, 66, 67, 68, 72, 73, 74, 75, 79, 80, 81, 82, 88, 89, 90, 94, 95, 96, 100, 101, 102, 106, 107], "summary": {"covered_lines": 44, "num_statements": 44, "percent_covered": 100.0, "percent_covered_display": "100", "missing_lines": 0, "excluded_lines": 0, "percent_statements_covered": 100.0, "percent_statements_covered_display": "100"}, "missing_lines": [], "excluded_lines": [], "start_line": 10}, "": {"executed_lines": [3, 5, 7, 10, 13, 19, 56, 63, 70, 77, 84, 92, 98, 104], "summary": {"covered_lines": 14, "num_statements": 14, "percent_covered": 100.0, "percent_covered_display": "100", "missing_lines": 0, "excluded_lines": 0, "percent_statements_covered": 100.0, "percent_statements_covered_display": "100"}, "missing_lines": [], "excluded_lines": [], "start_line": 1}}}, "unifi_mcp/config.py": {"executed_lines": [3, 4, 6, 9, 10, 12, 17, 19, 20, 26, 29, 30, 31, 32, 33, 34, 35, 38, 41, 44, 47, 50, 53, 56, 59, 60, 61, 62, 65, 69, 70, 71, 74, 76, 81, 90, 92, 93, 96, 100, 103, 104, 111, 112, 116, 119, 120, 126, 135, 136, 137, 138, 139, 140, 141, 143, 144, 146, 147, 148, 150, 151, 159, 176, 177, 184, 185, 186, 188, 189, 196, 197, 198, 201, 203, 204, 205, 206, 221, 222, 223, 227], "summary": {"covered_lines": 82, "num_statements": 97, "percent_covered": 84.5360824742268, "percent_covered_display": "85", "missing_lines": 15, "excluded_lines": 0, "percent_statements_covered": 84.5360824742268, "percent_statements_covered_display": "85"}, "missing_lines": [13, 14, 97, 101, 105, 154, 155, 156, 178, 190, 210, 211, 212, 216, 217], "excluded_lines": [], "functions": {"Settings.validate_credentials_at_startup": {"executed_lines": [90, 92, 93, 96, 100, 103, 104, 111, 112, 116, 119, 120], "summary": {"covered_lines": 12, "num_statements": 15, "percent_covered": 80.0, "percent_covered_display": "80", "missing_lines": 3, "excluded_lines": 0, "percent_statements_covered": 80.0, "percent_statements_covered_display": "80"}, "missing_lines": [97, 101, 105], "excluded_lines": [], "start_line": 81}, "Settings.get_masked_password": {"executed_lines": [135, 136, 137, 138, 139, 140, 141, 143, 144, 146, 147, 148, 150, 151], "summary": {"covered_lines": 14, "num_statements": 17, "percent_covered": 82.3529411764706, "percent_covered_display": "82", "missing_lines": 3, "excluded_lines": 0, "percent_statements_covered": 82.3529411764706, "percent_statements_covered_display": "82"}, "missing_lines": [154, 155, 156], "excluded_lines": [], "start_line": 126}, "_validate_unifi_credentials": {"executed_lines": [176, 177, 184, 185, 186, 188, 189, 196, 197, 198, 201, 203, 204, 205, 206, 221, 222, 223, 227], "summary": {"covered_lines": 19, "num_statements": 26, "percent_covered": 73.07692307692308, "percent_covered_display": "73", "missing_lines": 7, "excluded_lines": 0, "percent_statements_covered": 73.07692307692308, "percent_statements_covered_display": "73"}, "missing_lines": [178, 190, 210, 211, 212, 216, 217], "excluded_lines": [], "start_line": 159}, "": {"executed_lines": [3, 4, 6, 9, 10, 12, 17, 19, 20, 26, 29, 30, 31, 32, 33, 34, 35, 38, 41, 44, 47, 50, 53, 56, 59, 60, 61, 62, 65, 69, 70, 71, 74, 76, 81, 126, 159], "summary": {"covered_lines": 37, "num_statements": 39, "percent_covered": 94.87179487179488, "percent_covered_display": "95", "missing_lines": 2, "excluded_lines": 0, "percent_statements_covered": 94.87179487179488, "percent_statements_covered_display": "95"}, "missing_lines": [13, 14], "excluded_lines": [], "start_line": 1}}, "classes": {"UniFiSettings": {"executed_lines": [], "summary": {"covered_lines": 0, "num_statements": 0, "percent_covered": 100.0, "percent_covered_display": "100", "missing_lines": 0, "excluded_lines": 0, "percent_statements_covered": 100.0, "percent_statements_covered_display": "100"}, "missing_lines": [], "excluded_lines": [], "start_line": 26}, "NetworkSettings": {"executed_lines": [], "summary": {"covered_lines": 0, "num_statements": 0, "percent_covered": 100.0, "percent_covered_display": "100", "missing_lines": 0, "excluded_lines": 0, "percent_statements_covered": 100.0, "percent_statements_covered_display": "100"}, "missing_lines": [], "excluded_lines": [], "start_line": 38}, "AccessSettings": {"executed_lines": [], "summary": {"covered_lines": 0, "num_statements": 0, "percent_covered": 100.0, "percent_covered_display": "100", "missing_lines": 0, "excluded_lines": 0, "percent_statements_covered": 100.0, "percent_statements_covered_display": "100"}, "missing_lines": [], "excluded_lines": [], "start_line": 44}, "LocalSettings": {"executed_lines": [], "summary": {"covered_lines": 0, "num_statements": 0, "percent_covered": 100.0, "percent_covered_display": "100", "missing_lines": 0, "excluded_lines": 0, "percent_statements_covered": 100.0, "percent_statements_covered_display": "100"}, "missing_lines": [], "excluded_lines": [], "start_line": 50}, "ServerSettings": {"executed_lines": [], "summary": {"covered_lines": 0, "num_statements": 0, "percent_covered": 100.0, "percent_covered_display": "100", "missing_lines": 0, "excluded_lines": 0, "percent_statements_covered": 100.0, "percent_statements_covered_display": "100"}, "missing_lines": [], "excluded_lines": [], "start_line": 56}, "Settings": {"executed_lines": [90, 92, 93, 96, 100, 103, 104, 111, 112, 116, 119, 120, 135, 136, 137, 138, 139, 140, 141, 143, 144, 146, 147, 148, 150, 151], "summary": {"covered_lines": 26, "num_statements": 32, "percent_covered": 81.25, "percent_covered_display": "81", "missing_lines": 6, "excluded_lines": 0, "percent_statements_covered": 81.25, "percent_statements_covered_display": "81"}, "missing_lines": [97, 101, 105, 154, 155, 156], "excluded_lines": [], "start_line": 65}, "": {"executed_lines": [3, 4, 6, 9, 10, 12, 17, 19, 20, 26, 29, 30, 31, 32, 33, 34, 35, 38, 41, 44, 47, 50, 53, 56, 59, 60, 61, 62, 65, 69, 70, 71, 74, 76, 81, 126, 159, 176, 177, 184, 185, 186, 188, 189, 196, 197, 198, 201, 203, 204, 205, 206, 221, 222, 223, 227], "summary": {"covered_lines": 56, "num_statements": 65, "percent_covered": 86.15384615384616, "percent_covered_display": "86", "missing_lines": 9, "excluded_lines": 0, "percent_statements_covered": 86.15384615384616, "percent_statements_covered_display": "86"}, "missing_lines": [13, 14, 178, 190, 210, 211, 212, 216, 217], "excluded_lines": [], "start_line": 1}}}, "unifi_mcp/main.py": {"executed_lines": [3, 6, 8, 11], "summary": {"covered_lines": 4, "num_statements": 5, "percent_covered": 80.0, "percent_covered_display": "80", "missing_lines": 1, "excluded_lines": 0, "percent_statements_covered": 80.0, "percent_statements_covered_display": "80"}, "missing_lines": [12], "excluded_lines": [], "functions": {"main": {"executed_lines": [8], "summary": {"covered_lines": 1, "num_statements": 1, "percent_covered": 100.0, "percent_covered_display": "100", "missing_lines": 0, "excluded_lines": 0, "percent_statements_covered": 100.0, "percent_statements_covered_display": "100"}, "missing_lines": [], "excluded_lines": [], "start_line": 6}, "": {"executed_lines": [3, 6, 11], "summary": {"covered_lines": 3, "num_statements": 4, "percent_covered": 75.0, "percent_covered_display": "75", "missing_lines": 1, "excluded_lines": 0, "percent_statements_covered": 75.0, "percent_statements_covered_display": "75"}, "missing_lines": [12], "excluded_lines": [], "start_line": 1}}, "classes": {"": {"executed_lines": [3, 6, 8, 11], "summary": {"covered_lines": 4, "num_statements": 5, "percent_covered": 80.0, "percent_covered_display": "80", "missing_lines": 1, "excluded_lines": 0, "percent_statements_covered": 80.0, "percent_statements_covered_display": "80"}, "missing_lines": [12], "excluded_lines": [], "start_line": 1}}}, "unifi_mcp/server.py": {"executed_lines": [3, 4, 5, 6, 8, 11, 16, 18, 19, 20, 21, 28, 40, 43, 48, 49, 53, 58, 61, 62, 65, 66, 68, 69, 71, 74, 76, 77, 85, 88, 90, 91, 99, 102, 104, 105, 106, 107, 108, 109, 112, 115, 116, 124, 127, 128, 140, 143, 144, 156, 159, 160, 172, 177, 178, 192, 193, 205, 206, 219, 222, 223, 235, 238, 251, 253, 254, 255, 256, 258, 261, 274, 276, 277, 278, 279, 281, 284, 287, 288, 293, 294, 299, 300, 305, 306, 315, 316, 329, 339, 341, 342, 343, 344, 345, 347, 349, 350, 352, 359, 362, 364, 367, 369, 375, 377, 379, 380, 389, 390, 399, 408, 409, 411, 414, 416, 417, 419, 427, 428, 432, 433, 434, 437, 439, 448, 449, 450, 453], "summary": {"covered_lines": 129, "num_statements": 182, "percent_covered": 70.87912087912088, "percent_covered_display": "71", "missing_lines": 53, "excluded_lines": 0, "percent_statements_covered": 70.87912087912088, "percent_statements_covered_display": "71"}, "missing_lines": [118, 119, 120, 121, 134, 135, 136, 137, 150, 151, 152, 153, 166, 167, 168, 169, 187, 188, 189, 190, 200, 201, 202, 203, 213, 214, 215, 216, 229, 230, 231, 232, 290, 291, 296, 297, 302, 303, 312, 313, 325, 326, 331, 332, 333, 334, 335, 336, 353, 354, 355, 356, 454], "excluded_lines": [], "functions": {"create_server": {"executed_lines": [43, 48, 49, 53, 58, 61, 62, 65, 66, 68, 69, 71], "summary": {"covered_lines": 12, "num_statements": 12, "percent_covered": 100.0, "percent_covered_display": "100", "missing_lines": 0, "excluded_lines": 0, "percent_statements_covered": 100.0, "percent_statements_covered_display": "100"}, "missing_lines": [], "excluded_lines": [], "start_line": 40}, "_create_network_client": {"executed_lines": [76, 77, 85], "summary": {"covered_lines": 3, "num_statements": 3, "percent_covered": 100.0, "percent_covered_display": "100", "missing_lines": 0, "excluded_lines": 0, "percent_statements_covered": 100.0, "percent_statements_covered_display": "100"}, "missing_lines": [], "excluded_lines": [], "start_line": 74}, "_create_access_client": {"executed_lines": [90, 91, 99], "summary": {"covered_lines": 3, "num_statements": 3, "percent_covered": 100.0, "percent_covered_display": "100", "missing_lines": 0, "excluded_lines": 0, "percent_statements_covered": 100.0, "percent_statements_covered_display": "100"}, "missing_lines": [], "excluded_lines": [], "start_line": 88}, "_register_network_tools": {"executed_lines": [104, 105, 106, 107, 108, 109], "summary": {"covered_lines": 6, "num_statements": 6, "percent_covered": 100.0, "percent_covered_display": "100", "missing_lines": 0, "excluded_lines": 0, "percent_statements_covered": 100.0, "percent_statements_covered_display": "100"}, "missing_lines": [], "excluded_lines": [], "start_line": 102}, "_register_site_tools": {"executed_lines": [115, 116], "summary": {"covered_lines": 2, "num_statements": 2, "percent_covered": 100.0, "percent_covered_display": "100", "missing_lines": 0, "excluded_lines": 0, "percent_statements_covered": 100.0, "percent_statements_covered_display": "100"}, "missing_lines": [], "excluded_lines": [], "start_line": 112}, "_register_site_tools.unifi_get_sites": {"executed_lines": [], "summary": {"covered_lines": 0, "num_statements": 4, "percent_covered": 0.0, "percent_covered_display": "0", "missing_lines": 4, "excluded_lines": 0, "percent_statements_covered": 0.0, "percent_statements_covered_display": "0"}, "missing_lines": [118, 119, 120, 121], "excluded_lines": [], "start_line": 116}, "_register_device_tools": {"executed_lines": [127, 128], "summary": {"covered_lines": 2, "num_statements": 2, "percent_covered": 100.0, "percent_covered_display": "100", "missing_lines": 0, "excluded_lines": 0, "percent_statements_covered": 100.0, "percent_statements_covered_display": "100"}, "missing_lines": [], "excluded_lines": [], "start_line": 124}, "_register_device_tools.unifi_get_devices": {"executed_lines": [], "summary": {"covered_lines": 0, "num_statements": 4, "percent_covered": 0.0, "percent_covered_display": "0", "missing_lines": 4, "excluded_lines": 0, "percent_statements_covered": 0.0, "percent_statements_covered_display": "0"}, "missing_lines": [134, 135, 136, 137], "excluded_lines": [], "start_line": 128}, "_register_client_tools": {"executed_lines": [143, 144], "summary": {"covered_lines": 2, "num_statements": 2, "percent_covered": 100.0, "percent_covered_display": "100", "missing_lines": 0, "excluded_lines": 0, "percent_statements_covered": 100.0, "percent_statements_covered_display": "100"}, "missing_lines": [], "excluded_lines": [], "start_line": 140}, "_register_client_tools.unifi_get_clients": {"executed_lines": [], "summary": {"covered_lines": 0, "num_statements": 4, "percent_covered": 0.0, "percent_covered_display": "0", "missing_lines": 4, "excluded_lines": 0, "percent_statements_covered": 0.0, "percent_statements_covered_display": "0"}, "missing_lines": [150, 151, 152, 153], "excluded_lines": [], "start_line": 144}, "_register_wlan_tools": {"executed_lines": [159, 160], "summary": {"covered_lines": 2, "num_statements": 2, "percent_covered": 100.0, "percent_covered_display": "100", "missing_lines": 0, "excluded_lines": 0, "percent_statements_covered": 100.0, "percent_statements_covered_display": "100"}, "missing_lines": [], "excluded_lines": [], "start_line": 156}, "_register_wlan_tools.unifi_get_wlans": {"executed_lines": [], "summary": {"covered_lines": 0, "num_statements": 4, "percent_covered": 0.0, "percent_covered_display": "0", "missing_lines": 4, "excluded_lines": 0, "percent_statements_covered": 0.0, "percent_statements_covered_display": "0"}, "missing_lines": [166, 167, 168, 169], "excluded_lines": [], "start_line": 160}, "_register_device_control_tools": {"executed_lines": [177, 178, 192, 193, 205, 206], "summary": {"covered_lines": 6, "num_statements": 6, "percent_covered": 100.0, "percent_covered_display": "100", "missing_lines": 0, "excluded_lines": 0, "percent_statements_covered": 100.0, "percent_statements_covered_display": "100"}, "missing_lines": [], "excluded_lines": [], "start_line": 172}, "_register_device_control_tools.unifi_restart_device": {"executed_lines": [], "summary": {"covered_lines": 0, "num_statements": 4, "percent_covered": 0.0, "percent_covered_display": "0", "missing_lines": 4, "excluded_lines": 0, "percent_statements_covered": 0.0, "percent_statements_covered_display": "0"}, "missing_lines": [187, 188, 189, 190], "excluded_lines": [], "start_line": 178}, "_register_device_control_tools.unifi_disable_ap": {"executed_lines": [], "summary": {"covered_lines": 0, "num_statements": 4, "percent_covered": 0.0, "percent_covered_display": "0", "missing_lines": 4, "excluded_lines": 0, "percent_statements_covered": 0.0, "percent_statements_covered_display": "0"}, "missing_lines": [200, 201, 202, 203], "excluded_lines": [], "start_line": 193}, "_register_device_control_tools.unifi_enable_ap": {"executed_lines": [], "summary": {"covered_lines": 0, "num_statements": 4, "percent_covered": 0.0, "percent_covered_display": "0", "missing_lines": 4, "excluded_lines": 0, "percent_statements_covered": 0.0, "percent_statements_covered_display": "0"}, "missing_lines": [213, 214, 215, 216], "excluded_lines": [], "start_line": 206}, "_register_statistics_tools": {"executed_lines": [222, 223], "summary": {"covered_lines": 2, "num_statements": 2, "percent_covered": 100.0, "percent_covered_display": "100", "missing_lines": 0, "excluded_lines": 0, "percent_statements_covered": 100.0, "percent_statements_covered_display": "100"}, "missing_lines": [], "excluded_lines": [], "start_line": 219}, "_register_statistics_tools.unifi_get_statistics": {"executed_lines": [], "summary": {"covered_lines": 0, "num_statements": 4, "percent_covered": 0.0, "percent_covered_display": "0", "missing_lines": 4, "excluded_lines": 0, "percent_statements_covered": 0.0, "percent_statements_covered_display": "0"}, "missing_lines": [229, 230, 231, 232], "excluded_lines": [], "start_line": 223}, "_create_list_tool": {"executed_lines": [251, 258], "summary": {"covered_lines": 2, "num_statements": 2, "percent_covered": 100.0, "percent_covered_display": "100", "missing_lines": 0, "excluded_lines": 0, "percent_statements_covered": 100.0, "percent_statements_covered_display": "100"}, "missing_lines": [], "excluded_lines": [], "start_line": 238}, "_create_list_tool.tool_wrapper": {"executed_lines": [253, 254, 255, 256], "summary": {"covered_lines": 4, "num_statements": 4, "percent_covered": 100.0, "percent_covered_display": "100", "missing_lines": 0, "excluded_lines": 0, "percent_statements_covered": 100.0, "percent_statements_covered_display": "100"}, "missing_lines": [], "excluded_lines": [], "start_line": 251}, "_create_dict_tool": {"executed_lines": [274, 281], "summary": {"covered_lines": 2, "num_statements": 2, "percent_covered": 100.0, "percent_covered_display": "100", "missing_lines": 0, "excluded_lines": 0, "percent_statements_covered": 100.0, "percent_statements_covered_display": "100"}, "missing_lines": [], "excluded_lines": [], "start_line": 261}, "_create_dict_tool.tool_wrapper": {"executed_lines": [276, 277, 278, 279], "summary": {"covered_lines": 4, "num_statements": 4, "percent_covered": 100.0, "percent_covered_display": "100", "missing_lines": 0, "excluded_lines": 0, "percent_statements_covered": 100.0, "percent_statements_covered_display": "100"}, "missing_lines": [], "excluded_lines": [], "start_line": 274}, "_register_access_tools": {"executed_lines": [287, 288, 293, 294, 299, 300, 305, 306, 315, 316], "summary": {"covered_lines": 10, "num_statements": 10, "percent_covered": 100.0, "percent_covered_display": "100", "missing_lines": 0, "excluded_lines": 0, "percent_statements_covered": 100.0, "percent_statements_covered_display": "100"}, "missing_lines": [], "excluded_lines": [], "start_line": 284}, "_register_access_tools.unifi_get_access_points": {"executed_lines": [], "summary": {"covered_lines": 0, "num_statements": 2, "percent_covered": 0.0, "percent_covered_display": "0", "missing_lines": 2, "excluded_lines": 0, "percent_statements_covered": 0.0, "percent_statements_covered_display": "0"}, "missing_lines": [290, 291], "excluded_lines": [], "start_line": 288}, "_register_access_tools.unifi_get_access_users": {"executed_lines": [], "summary": {"covered_lines": 0, "num_statements": 2, "percent_covered": 0.0, "percent_covered_display": "0", "missing_lines": 2, "excluded_lines": 0, "percent_statements_covered": 0.0, "percent_statements_covered_display": "0"}, "missing_lines": [296, 297], "excluded_lines": [], "start_line": 294}, "_register_access_tools.unifi_get_access_logs": {"executed_lines": [], "summary": {"covered_lines": 0, "num_statements": 2, "percent_covered": 0.0, "percent_covered_display": "0", "missing_lines": 2, "excluded_lines": 0, "percent_statements_covered": 0.0, "percent_statements_covered_display": "0"}, "missing_lines": [302, 303], "excluded_lines": [], "start_line": 300}, "_register_access_tools.unifi_unlock_door": {"executed_lines": [], "summary": {"covered_lines": 0, "num_statements": 2, "percent_covered": 0.0, "percent_covered_display": "0", "missing_lines": 2, "excluded_lines": 0, "percent_statements_covered": 0.0, "percent_statements_covered_display": "0"}, "missing_lines": [312, 313], "excluded_lines": [], "start_line": 306}, "_register_access_tools.unifi_set_access_schedule": {"executed_lines": [], "summary": {"covered_lines": 0, "num_statements": 2, "percent_covered": 0.0, "percent_covered_display": "0", "missing_lines": 2, "excluded_lines": 0, "percent_statements_covered": 0.0, "percent_statements_covered_display": "0"}, "missing_lines": [325, 326], "excluded_lines": [], "start_line": 316}, "run_server": {"executed_lines": [], "summary": {"covered_lines": 0, "num_statements": 6, "percent_covered": 0.0, "percent_covered_display": "0", "missing_lines": 6, "excluded_lines": 0, "percent_statements_covered": 0.0, "percent_statements_covered_display": "0"}, "missing_lines": [331, 332, 333, 334, 335, 336], "excluded_lines": [], "start_line": 329}, "_load_and_validate_settings": {"executed_lines": [341, 342, 343, 344, 345, 347, 349, 350, 352, 359], "summary": {"covered_lines": 10, "num_statements": 14, "percent_covered": 71.42857142857143, "percent_covered_display": "71", "missing_lines": 4, "excluded_lines": 0, "percent_statements_covered": 71.42857142857143, "percent_statements_covered_display": "71"}, "missing_lines": [353, 354, 355, 356], "excluded_lines": [], "start_line": 339}, "_create_server_with_error_handling": {"executed_lines": [364], "summary": {"covered_lines": 1, "num_statements": 1, "percent_covered": 100.0, "percent_covered_display": "100", "missing_lines": 0, "excluded_lines": 0, "percent_statements_covered": 100.0, "percent_statements_covered_display": "100"}, "missing_lines": [], "excluded_lines": [], "start_line": 362}, "_configure_logging": {"executed_lines": [369], "summary": {"covered_lines": 1, "num_statements": 1, "percent_covered": 100.0, "percent_covered_display": "100", "missing_lines": 0, "excluded_lines": 0, "percent_statements_covered": 100.0, "percent_statements_covered_display": "100"}, "missing_lines": [], "excluded_lines": [], "start_line": 367}, "_build_feature_list": {"executed_lines": [377, 379, 380, 389, 390, 399, 408, 409, 411], "summary": {"covered_lines": 9, "num_statements": 9, "percent_covered": 100.0, "percent_covered_display": "100", "missing_lines": 0, "excluded_lines": 0, "percent_statements_covered": 100.0, "percent_statements_covered_display": "100"}, "missing_lines": [], "excluded_lines": [], "start_line": 375}, "_display_startup_message": {"executed_lines": [416, 417, 419, 427, 428, 432, 433, 434], "summary": {"covered_lines": 8, "num_statements": 8, "percent_covered": 100.0, "percent_covered_display": "100", "missing_lines": 0, "excluded_lines": 0, "percent_statements_covered": 100.0, "percent_statements_covered_display": "100"}, "missing_lines": [], "excluded_lines": [], "start_line": 414}, "_run_server_instance": {"executed_lines": [439], "summary": {"covered_lines": 1, "num_statements": 1, "percent_covered": 100.0, "percent_covered_display": "100", "missing_lines": 0, "excluded_lines": 0, "percent_statements_covered": 100.0, "percent_statements_covered_display": "100"}, "missing_lines": [], "excluded_lines": [], "start_line": 437}, "": {"executed_lines": [3, 4, 5, 6, 8, 11, 16, 18, 19, 20, 21, 28, 40, 74, 88, 102, 112, 124, 140, 156, 172, 219, 235, 238, 261, 284, 329, 339, 362, 367, 375, 414, 437, 448, 449, 450, 453], "summary": {"covered_lines": 37, "num_statements": 38, "percent_covered": 97.36842105263158, "percent_covered_display": "97", "missing_lines": 1, "excluded_lines": 0, "percent_statements_covered": 97.36842105263158, "percent_statements_covered_display": "97"}, "missing_lines": [454], "excluded_lines": [], "start_line": 1}}, "classes": {"": {"executed_lines": [3, 4, 5, 6, 8, 11, 16, 18, 19, 20, 21, 28, 40, 43, 48, 49, 53, 58, 61, 62, 65, 66, 68, 69, 71, 74, 76, 77, 85, 88, 90, 91, 99, 102, 104, 105, 106, 107, 108, 109, 112, 115, 116, 124, 127, 128, 140, 143, 144, 156, 159, 160, 172, 177, 178, 192, 193, 205, 206, 219, 222, 223, 235, 238, 251, 253, 254, 255, 256, 258, 261, 274, 276, 277, 278, 279, 281, 284, 287, 288, 293, 294, 299, 300, 305, 306, 315, 316, 329, 339, 341, 342, 343, 344, 345, 347, 349, 350, 352, 359, 362, 364, 367, 369, 375, 377, 379, 380, 389, 390, 399, 408, 409, 411, 414, 416, 417, 419, 427, 428, 432, 433, 434, 437, 439, 448, 449, 450, 453], "summary": {"covered_lines": 129, "num_statements": 182, "percent_covered": 70.87912087912088, "percent_covered_display": "71", "missing_lines": 53, "excluded_lines": 0, "percent_statements_covered": 70.87912087912088, "percent_statements_covered_display": "71"}, "missing_lines": [118, 119, 120, 121, 134, 135, 136, 137, 150, 151, 152, 153, 166, 167, 168, 169, 187, 188, 189, 190, 200, 201, 202, 203, 213, 214, 215, 216, 229, 230, 231, 232, 290, 291, 296, 297, 302, 303, 312, 313, 325, 326, 331, 332, 333, 334, 335, 336, 353, 354, 355, 356, 454], "excluded_lines": [], "start_line": 1}}}, "unifi_mcp/tools/access_tools.py": {"executed_lines": [3, 5, 8, 10, 11, 14, 16, 17, 20, 22, 23, 26, 30, 31, 34, 38, 39], "summary": {"covered_lines": 17, "num_statements": 17, "percent_covered": 100.0, "percent_covered_display": "100", "missing_lines": 0, "excluded_lines": 0, "percent_statements_covered": 100.0, "percent_statements_covered_display": "100"}, "missing_lines": [], "excluded_lines": [], "functions": {"get_unifi_access_points": {"executed_lines": [10, 11], "summary": {"covered_lines": 2, "num_statements": 2, "percent_covered": 100.0, "percent_covered_display": "100", "missing_lines": 0, "excluded_lines": 0, "percent_statements_covered": 100.0, "percent_statements_covered_display": "100"}, "missing_lines": [], "excluded_lines": [], "start_line": 8}, "get_unifi_access_users": {"executed_lines": [16, 17], "summary": {"covered_lines": 2, "num_statements": 2, "percent_covered": 100.0, "percent_covered_display": "100", "missing_lines": 0, "excluded_lines": 0, "percent_statements_covered": 100.0, "percent_statements_covered_display": "100"}, "missing_lines": [], "excluded_lines": [], "start_line": 14}, "get_unifi_access_logs": {"executed_lines": [22, 23], "summary": {"covered_lines": 2, "num_statements": 2, "percent_covered": 100.0, "percent_covered_display": "100", "missing_lines": 0, "excluded_lines": 0, "percent_statements_covered": 100.0, "percent_statements_covered_display": "100"}, "missing_lines": [], "excluded_lines": [], "start_line": 20}, "unlock_unifi_door": {"executed_lines": [30, 31], "summary": {"covered_lines": 2, "num_statements": 2, "percent_covered": 100.0, "percent_covered_display": "100", "missing_lines": 0, "excluded_lines": 0, "percent_statements_covered": 100.0, "percent_statements_covered_display": "100"}, "missing_lines": [], "excluded_lines": [], "start_line": 26}, "set_unifi_access_schedule": {"executed_lines": [38, 39], "summary": {"covered_lines": 2, "num_statements": 2, "percent_covered": 100.0, "percent_covered_display": "100", "missing_lines": 0, "excluded_lines": 0, "percent_statements_covered": 100.0, "percent_statements_covered_display": "100"}, "missing_lines": [], "excluded_lines": [], "start_line": 34}, "": {"executed_lines": [3, 5, 8, 14, 20, 26, 34], "summary": {"covered_lines": 7, "num_statements": 7, "percent_covered": 100.0, "percent_covered_display": "100", "missing_lines": 0, "excluded_lines": 0, "percent_statements_covered": 100.0, "percent_statements_covered_display": "100"}, "missing_lines": [], "excluded_lines": [], "start_line": 1}}, "classes": {"": {"executed_lines": [3, 5, 8, 10, 11, 14, 16, 17, 20, 22, 23, 26, 30, 31, 34, 38, 39], "summary": {"covered_lines": 17, "num_statements": 17, "percent_covered": 100.0, "percent_covered_display": "100", "missing_lines": 0, "excluded_lines": 0, "percent_statements_covered": 100.0, "percent_statements_covered_display": "100"}, "missing_lines": [], "excluded_lines": [], "start_line": 1}}}, "unifi_mcp/tools/network_tools.py": {"executed_lines": [3, 5, 8, 10, 11, 14, 18, 19, 22, 26, 27, 30, 34, 35, 38, 42, 43, 46, 50, 51, 54, 58, 59, 62, 66, 67], "summary": {"covered_lines": 26, "num_statements": 26, "percent_covered": 100.0, "percent_covered_display": "100", "missing_lines": 0, "excluded_lines": 0, "percent_statements_covered": 100.0, "percent_statements_covered_display": "100"}, "missing_lines": [], "excluded_lines": [], "functions": {"get_unifi_sites": {"executed_lines": [10, 11], "summary": {"covered_lines": 2, "num_statements": 2, "percent_covered": 100.0, "percent_covered_display": "100", "missing_lines": 0, "excluded_lines": 0, "percent_statements_covered": 100.0, "percent_statements_covered_display": "100"}, "missing_lines": [], "excluded_lines": [], "start_line": 8}, "get_unifi_devices": {"executed_lines": [18, 19], "summary": {"covered_lines": 2, "num_statements": 2, "percent_covered": 100.0, "percent_covered_display": "100", "missing_lines": 0, "excluded_lines": 0, "percent_statements_covered": 100.0, "percent_statements_covered_display": "100"}, "missing_lines": [], "excluded_lines": [], "start_line": 14}, "get_unifi_clients": {"executed_lines": [26, 27], "summary": {"covered_lines": 2, "num_statements": 2, "percent_covered": 100.0, "percent_covered_display": "100", "missing_lines": 0, "excluded_lines": 0, "percent_statements_covered": 100.0, "percent_statements_covered_display": "100"}, "missing_lines": [], "excluded_lines": [], "start_line": 22}, "get_unifi_wlans": {"executed_lines": [34, 35], "summary": {"covered_lines": 2, "num_statements": 2, "percent_covered": 100.0, "percent_covered_display": "100", "missing_lines": 0, "excluded_lines": 0, "percent_statements_covered": 100.0, "percent_statements_covered_display": "100"}, "missing_lines": [], "excluded_lines": [], "start_line": 30}, "restart_unifi_device": {"executed_lines": [42, 43], "summary": {"covered_lines": 2, "num_statements": 2, "percent_covered": 100.0, "percent_covered_display": "100", "missing_lines": 0, "excluded_lines": 0, "percent_statements_covered": 100.0, "percent_statements_covered_display": "100"}, "missing_lines": [], "excluded_lines": [], "start_line": 38}, "disable_unifi_ap": {"executed_lines": [50, 51], "summary": {"covered_lines": 2, "num_statements": 2, "percent_covered": 100.0, "percent_covered_display": "100", "missing_lines": 0, "excluded_lines": 0, "percent_statements_covered": 100.0, "percent_statements_covered_display": "100"}, "missing_lines": [], "excluded_lines": [], "start_line": 46}, "enable_unifi_ap": {"executed_lines": [58, 59], "summary": {"covered_lines": 2, "num_statements": 2, "percent_covered": 100.0, "percent_covered_display": "100", "missing_lines": 0, "excluded_lines": 0, "percent_statements_covered": 100.0, "percent_statements_covered_display": "100"}, "missing_lines": [], "excluded_lines": [], "start_line": 54}, "get_unifi_statistics": {"executed_lines": [66, 67], "summary": {"covered_lines": 2, "num_statements": 2, "percent_covered": 100.0, "percent_covered_display": "100", "missing_lines": 0, "excluded_lines": 0, "percent_statements_covered": 100.0, "percent_statements_covered_display": "100"}, "missing_lines": [], "excluded_lines": [], "start_line": 62}, "": {"executed_lines": [3, 5, 8, 14, 22, 30, 38, 46, 54, 62], "summary": {"covered_lines": 10, "num_statements": 10, "percent_covered": 100.0, "percent_covered_display": "100", "missing_lines": 0, "excluded_lines": 0, "percent_statements_covered": 100.0, "percent_statements_covered_display": "100"}, "missing_lines": [], "excluded_lines": [], "start_line": 1}}, "classes": {"": {"executed_lines": [3, 5, 8, 10, 11, 14, 18, 19, 22, 26, 27, 30, 34, 35, 38, 42, 43, 46, 50, 51, 54, 58, 59, 62, 66, 67], "summary": {"covered_lines": 26, "num_statements": 26, "percent_covered": 100.0, "percent_covered_display": "100", "missing_lines": 0, "excluded_lines": 0, "percent_statements_covered": 100.0, "percent_statements_covered_display": "100"}, "missing_lines": [], "excluded_lines": [], "start_line": 1}}}}, "totals": {"covered_lines": 470, "num_statements": 605, "percent_covered": 77.68595041322314, "percent_covered_display": "78", "missing_lines": 135, "excluded_lines": 0, "percent_statements_covered": 77.68595041322314, "percent_statements_covered_display": "78"}}